<?xml version="1.0" encoding="UTF-8"?>
<!-- Generated by org.testng.reporters.JUnitReportReporter -->
<testsuite hostname="HarrySindhu" failures="0" tests="1" name="org.qa.tests.AddRemoveButtons" time="6.429" errors="0" timestamp="2024-01-17T21:13:59 IST" skipped="0">
  <testcase classname="org.qa.tests.AddRemoveButtons" name="AddRemoveButtonsTest" time="6.429"/>
</testsuite> <!-- org.qa.tests.AddRemoveButtons -->
