<?xml version="1.0" encoding="UTF-8"?>
<!-- Generated by org.testng.reporters.JUnitReportReporter -->
<testsuite hostname="HarrySindhu" failures="0" tests="1" name="org.qa.tests.ChallengingDOMTest" time="12.027" errors="0" timestamp="2024-01-18T20:40:26 IST" skipped="0">
  <testcase classname="org.qa.tests.ChallengingDOMTest" name="ChallengingDOMTest" time="12.027"/>
</testsuite> <!-- org.qa.tests.ChallengingDOMTest -->
