<?xml version="1.0" encoding="UTF-8"?>
<!-- Generated by org.testng.reporters.JUnitReportReporter -->
<testsuite hostname="HarrySindhu" failures="0" tests="1" name="org.qa.tests.DragAndDropTest" time="4.197" errors="0" timestamp="2024-01-30T20:06:52 IST" skipped="0">
  <testcase classname="org.qa.tests.DragAndDropTest" name="DragAndDropTest" time="4.197"/>
</testsuite> <!-- org.qa.tests.DragAndDropTest -->
