<?xml version="1.0" encoding="UTF-8"?>
<!-- Generated by org.testng.reporters.JUnitReportReporter -->
<testsuite hostname="HarrySindhu" failures="0" tests="1" name="org.qa.tests.FramesTest" time="9.755" errors="0" timestamp="2024-01-30T20:49:36 IST" skipped="0">
  <testcase classname="org.qa.tests.FramesTest" name="DragAndDropTest" time="9.755"/>
</testsuite> <!-- org.qa.tests.FramesTest -->
