<?xml version="1.0" encoding="UTF-8"?>
<!-- Generated by org.testng.reporters.JUnitReportReporter -->
<testsuite hostname="HarrySindhu" failures="0" tests="1" name="org.qa.tests.HoversTest" time="4.222" errors="0" timestamp="2024-01-31T23:31:57 IST" skipped="0">
  <testcase classname="org.qa.tests.HoversTest" name="Hovers" time="4.222"/>
</testsuite> <!-- org.qa.tests.HoversTest -->
