<?xml version="1.0" encoding="UTF-8"?>
<!-- Generated by org.testng.reporters.JUnitReportReporter -->
<testsuite hostname="HarrySindhu" failures="0" tests="1" name="org.qa.tests.CheckBoxTest" time="3.903" errors="0" timestamp="2024-01-20T01:20:17 IST" skipped="0">
  <testcase classname="org.qa.tests.CheckBoxTest" name="CheckBoxTest" time="3.903"/>
</testsuite> <!-- org.qa.tests.CheckBoxTest -->
