<?xml version="1.0" encoding="UTF-8"?>
<!-- Generated by org.testng.reporters.JUnitReportReporter -->
<testsuite hostname="HarrySindhu" failures="0" tests="1" name="org.qa.tests.DropdownTest" time="4.117" errors="0" timestamp="2024-01-30T20:05:19 IST" skipped="0">
  <testcase classname="org.qa.tests.DropdownTest" name="DropdownTest" time="4.117"/>
</testsuite> <!-- org.qa.tests.DropdownTest -->
