<?xml version="1.0" encoding="UTF-8"?>
<!-- Generated by org.testng.reporters.JUnitReportReporter -->
<testsuite hostname="HarrySindhu" failures="0" tests="1" name="org.qa.tests.NestedFramesTest" time="6.532" errors="0" timestamp="2024-01-30T22:57:59 IST" skipped="0">
  <testcase classname="org.qa.tests.NestedFramesTest" name="DragAndDropTest" time="6.532"/>
</testsuite> <!-- org.qa.tests.NestedFramesTest -->
