<?xml version="1.0" encoding="UTF-8"?>
<!-- Generated by org.testng.reporters.JUnitReportReporter -->
<testsuite hostname="HarrySindhu" failures="0" tests="1" name="org.qa.tests.BrokenImagesTest" time="10.141" errors="0" timestamp="2024-01-30T02:15:50 IST" skipped="0">
  <testcase classname="org.qa.tests.BrokenImagesTest" name="BrokenImagesTest" time="10.141"/>
</testsuite> <!-- org.qa.tests.BrokenImagesTest -->
